
> api@0.0.1 start:dev
> NODE_ENV=development nest start --watch

[2J[3J[H[[90m9:03:26 PM[0m] Starting compilation in watch mode...

[[90m9:03:31 PM[0m] Found 0 errors. Watching for file changes.

[32m[Nest] 35  - [39m12/18/2025, 9:03:32 PM [32m    LOG[39m [38;5;3m[NestFactory] [39m[32mStarting Nest application...[39m
[32m[Nest] 35  - [39m12/18/2025, 9:03:32 PM [32m    LOG[39m [38;5;3m[InstanceLoader] [39m[32mTypeOrmModule dependencies initialized[39m[38;5;3m +14ms[39m
[32m[Nest] 35  - [39m12/18/2025, 9:03:32 PM [32m    LOG[39m [38;5;3m[InstanceLoader] [39m[32mMailerModule dependencies initialized[39m[38;5;3m +0ms[39m
[32m[Nest] 35  - [39m12/18/2025, 9:03:32 PM [32m    LOG[39m [38;5;3m[InstanceLoader] [39m[32mPassportModule dependencies initialized[39m[38;5;3m +0ms[39m
[32m[Nest] 35  - [39m12/18/2025, 9:03:32 PM [32m    LOG[39m [38;5;3m[InstanceLoader] [39m[32mConfigHostModule dependencies initialized[39m[38;5;3m +0ms[39m
[32m[Nest] 35  - [39m12/18/2025, 9:03:32 PM [32m    LOG[39m [38;5;3m[InstanceLoader] [39m[32mJwtModule dependencies initialized[39m[38;5;3m +0ms[39m
[32m[Nest] 35  - [39m12/18/2025, 9:03:32 PM [32m    LOG[39m [38;5;3m[InstanceLoader] [39m[32mDiscoveryModule dependencies initialized[39m[38;5;3m +0ms[39m
[32m[Nest] 35  - [39m12/18/2025, 9:03:32 PM [32m    LOG[39m [38;5;3m[InstanceLoader] [39m[32mAppModule dependencies initialized[39m[38;5;3m +1ms[39m
[32m[Nest] 35  - [39m12/18/2025, 9:03:32 PM [32m    LOG[39m [38;5;3m[InstanceLoader] [39m[32mConfigModule dependencies initialized[39m[38;5;3m +0ms[39m
[32m[Nest] 35  - [39m12/18/2025, 9:03:32 PM [32m    LOG[39m [38;5;3m[InstanceLoader] [39m[32mConfigModule dependencies initialized[39m[38;5;3m +1ms[39m
[32m[Nest] 35  - [39m12/18/2025, 9:03:32 PM [32m    LOG[39m [38;5;3m[InstanceLoader] [39m[32mEventEmitterModule dependencies initialized[39m[38;5;3m +0ms[39m
[32m[Nest] 35  - [39m12/18/2025, 9:03:32 PM [32m    LOG[39m [38;5;3m[InstanceLoader] [39m[32mRedisModule dependencies initialized[39m[38;5;3m +145ms[39m
[32m[Nest] 35  - [39m12/18/2025, 9:03:32 PM [32m    LOG[39m [38;5;3m[InstanceLoader] [39m[32mRedisModule dependencies initialized[39m[38;5;3m +0ms[39m
[32m[Nest] 35  - [39m12/18/2025, 9:03:32 PM [32m    LOG[39m [38;5;3m[InstanceLoader] [39m[32mRedisModule dependencies initialized[39m[38;5;3m +0ms[39m
[32m[Nest] 35  - [39m12/18/2025, 9:03:32 PM [32m    LOG[39m [38;5;3m[InstanceLoader] [39m[32mMailerCoreModule dependencies initialized[39m[38;5;3m +0ms[39m
[32m[Nest] 35  - [39m12/18/2025, 9:03:32 PM [32m    LOG[39m [38;5;3m[InstanceLoader] [39m[32mMailerModuleLocal dependencies initialized[39m[38;5;3m +0ms[39m
query: SELECT version()
query: SELECT * FROM current_schema()
query: CREATE EXTENSION IF NOT EXISTS "uuid-ossp"
query: START TRANSACTION
query: SELECT * FROM current_schema()
query: SELECT * FROM current_database()
query: SELECT "table_schema", "table_name", obj_description(('"' || "table_schema" || '"."' || "table_name" || '"')::regclass, 'pg_class') AS table_comment FROM "information_schema"."tables" WHERE ("table_schema" = 'public' AND "table_name" = 'users') OR ("table_schema" = 'public' AND "table_name" = 'participants') OR ("table_schema" = 'public' AND "table_name" = 'trips') OR ("table_schema" = 'public' AND "table_name" = 'activities') OR ("table_schema" = 'public' AND "table_name" = 'days') OR ("table_schema" = 'public' AND "table_name" = 'expense_debtors') OR ("table_schema" = 'public' AND "table_name" = 'expenses') OR ("table_schema" = 'public' AND "table_name" = 'vote_casts') OR ("table_schema" = 'public' AND "table_name" = 'vote_options') OR ("table_schema" = 'public' AND "table_name" = 'votes') OR ("table_schema" = 'public' AND "table_name" = 'checklist_item_states') OR ("table_schema" = 'public' AND "table_name" = 'checklist_items')
query: SELECT * FROM "information_schema"."tables" WHERE "table_schema" = 'public' AND "table_name" = 'typeorm_metadata'
query: SELECT "n"."nspname", "t"."typname" FROM "pg_type" "t" INNER JOIN "pg_namespace" "n" ON "n"."oid" = "t"."typnamespace" WHERE "n"."nspname" = 'public' AND "t"."typname" = 'users_role_enum'
query: CREATE TYPE "public"."users_role_enum" AS ENUM('user', 'admin')
query: CREATE TABLE "users" ("id" uuid NOT NULL DEFAULT uuid_generate_v4(), "email" character varying(255) NOT NULL, "password" character varying(255) NOT NULL, "nickname" character varying(100) NOT NULL, "role" "public"."users_role_enum" NOT NULL DEFAULT 'user', "isActive" boolean NOT NULL DEFAULT true, "passwordResetToken" character varying(255), "passwordResetExpires" TIMESTAMP WITH TIME ZONE, "createdAt" TIMESTAMP WITH TIME ZONE NOT NULL DEFAULT now(), "updatedAt" TIMESTAMP WITH TIME ZONE NOT NULL DEFAULT now(), CONSTRAINT "UQ_97672ac88f789774dd47f7c8be3" UNIQUE ("email"), CONSTRAINT "PK_a3ffb1c0c8416b9fc6f907b7433" PRIMARY KEY ("id"))
query: CREATE UNIQUE INDEX "IDX_97672ac88f789774dd47f7c8be" ON "users" ("email") 
query: SELECT "n"."nspname", "t"."typname" FROM "pg_type" "t" INNER JOIN "pg_namespace" "n" ON "n"."oid" = "t"."typnamespace" WHERE "n"."nspname" = 'public' AND "t"."typname" = 'participants_role_enum'
query: CREATE TYPE "public"."participants_role_enum" AS ENUM('organizer', 'participant')
query: CREATE TABLE "participants" ("id" uuid NOT NULL DEFAULT uuid_generate_v4(), "role" "public"."participants_role_enum" NOT NULL DEFAULT 'participant', "user_id" uuid NOT NULL, "trip_id" uuid NOT NULL, "joinedAt" TIMESTAMP WITH TIME ZONE NOT NULL DEFAULT now(), CONSTRAINT "UQ_4819ba3e60b4bc12ffc55db5337" UNIQUE ("user_id", "trip_id"), CONSTRAINT "PK_1cda06c31eec1c95b3365a0283f" PRIMARY KEY ("id"))
query: CREATE INDEX "IDX_4819ba3e60b4bc12ffc55db533" ON "participants" ("trip_id", "user_id") 
query: SELECT "n"."nspname", "t"."typname" FROM "pg_type" "t" INNER JOIN "pg_namespace" "n" ON "n"."oid" = "t"."typnamespace" WHERE "n"."nspname" = 'public' AND "t"."typname" = 'trips_status_enum'
query: CREATE TYPE "public"."trips_status_enum" AS ENUM('ACTIVE', 'ARCHIVED')
query: CREATE TABLE "trips" ("id" uuid NOT NULL DEFAULT uuid_generate_v4(), "name" character varying(255) NOT NULL, "description" text, "location" character varying(255), "startDate" date NOT NULL, "endDate" date NOT NULL, "baseCurrency" character varying(3) NOT NULL DEFAULT 'USD', "inviteCode" character varying(10), "inviteCodeExpiry" TIMESTAMP WITH TIME ZONE, "status" "public"."trips_status_enum" NOT NULL DEFAULT 'ACTIVE', "isDeleted" boolean NOT NULL DEFAULT false, "createdAt" TIMESTAMP WITH TIME ZONE NOT NULL DEFAULT now(), "updatedAt" TIMESTAMP WITH TIME ZONE NOT NULL DEFAULT now(), CONSTRAINT "UQ_fd1749f1731bdd91d89a53f7a7f" UNIQUE ("inviteCode"), CONSTRAINT "PK_f71c231dee9c05a9522f9e840f5" PRIMARY KEY ("id"))
query: CREATE UNIQUE INDEX "IDX_fd1749f1731bdd91d89a53f7a7" ON "trips" ("inviteCode") 
query: SELECT "n"."nspname", "t"."typname" FROM "pg_type" "t" INNER JOIN "pg_namespace" "n" ON "n"."oid" = "t"."typnamespace" WHERE "n"."nspname" = 'public' AND "t"."typname" = 'activities_type_enum'
query: CREATE TYPE "public"."activities_type_enum" AS ENUM('FLIGHT', 'TRANSPORT', 'ACCOMMODATION', 'FOOD', 'ATTRACTION', 'ACTIVITY', 'MEETING', 'OTHER')
query: CREATE TABLE "activities" ("id" uuid NOT NULL DEFAULT uuid_generate_v4(), "type" "public"."activities_type_enum" NOT NULL DEFAULT 'OTHER', "title" character varying NOT NULL, "description" text, "startTime" TIME, "endTime" TIME, "location" text, "dayId" uuid NOT NULL, "creatorId" uuid NOT NULL, "createdAt" TIMESTAMP NOT NULL DEFAULT now(), "updatedAt" TIMESTAMP NOT NULL DEFAULT now(), CONSTRAINT "PK_7f4004429f731ffb9c88eb486a8" PRIMARY KEY ("id"))
query: CREATE TABLE "days" ("id" uuid NOT NULL DEFAULT uuid_generate_v4(), "date" date NOT NULL, "tripId" uuid NOT NULL, "createdAt" TIMESTAMP NOT NULL DEFAULT now(), "updatedAt" TIMESTAMP NOT NULL DEFAULT now(), CONSTRAINT "UQ_58c6e4c77a8df1bb6dc4b259ffd" UNIQUE ("tripId", "date"), CONSTRAINT "PK_c2c66eb46534bea34ba48cc4d7f" PRIMARY KEY ("id"))
query: CREATE TABLE "expense_debtors" ("id" uuid NOT NULL DEFAULT uuid_generate_v4(), "expense_id" uuid NOT NULL, "debtor_id" uuid NOT NULL, CONSTRAINT "PK_bd9ce70c6075d0e976965dfd7cf" PRIMARY KEY ("id"))
query: SELECT "n"."nspname", "t"."typname" FROM "pg_type" "t" INNER JOIN "pg_namespace" "n" ON "n"."oid" = "t"."typnamespace" WHERE "n"."nspname" = 'public' AND "t"."typname" = 'expenses_status_enum'
query: CREATE TYPE "public"."expenses_status_enum" AS ENUM('PENDING', 'SETTLED')
query: CREATE TABLE "expenses" ("id" uuid NOT NULL DEFAULT uuid_generate_v4(), "trip_id" uuid NOT NULL, "payer_id" uuid NOT NULL, "amount" integer NOT NULL, "currency" character varying(3) NOT NULL, "title" character varying NOT NULL, "description" text, "date" TIMESTAMP NOT NULL, "status" "public"."expenses_status_enum" NOT NULL DEFAULT 'PENDING', "created_at" TIMESTAMP NOT NULL DEFAULT now(), CONSTRAINT "PK_94c3ceb17e3140abc9282c20610" PRIMARY KEY ("id")); COMMENT ON COLUMN "expenses"."amount" IS 'Amount in lowest currency unit (e.g. cents)'
query: CREATE TABLE "vote_casts" ("id" uuid NOT NULL DEFAULT uuid_generate_v4(), "option_id" uuid NOT NULL, "voter_id" uuid NOT NULL, CONSTRAINT "UQ_db6eea88afc4c9ee1e4fcc3782b" UNIQUE ("option_id", "voter_id"), CONSTRAINT "PK_4c2dad2d355c0088d83a216a407" PRIMARY KEY ("id"))
query: CREATE TABLE "vote_options" ("id" uuid NOT NULL DEFAULT uuid_generate_v4(), "vote_id" uuid NOT NULL, "text" character varying NOT NULL, "description" text, CONSTRAINT "PK_b42c10f7972e40ae469e181739b" PRIMARY KEY ("id"))
query: SELECT "n"."nspname", "t"."typname" FROM "pg_type" "t" INNER JOIN "pg_namespace" "n" ON "n"."oid" = "t"."typnamespace" WHERE "n"."nspname" = 'public' AND "t"."typname" = 'votes_status_enum'
query: CREATE TYPE "public"."votes_status_enum" AS ENUM('open', 'closed')
query: CREATE TABLE "votes" ("id" uuid NOT NULL DEFAULT uuid_generate_v4(), "trip_id" uuid NOT NULL, "question" character varying NOT NULL, "description" text, "creator_id" uuid, "ends_at" TIMESTAMP WITH TIME ZONE, "status" "public"."votes_status_enum" NOT NULL DEFAULT 'open', "created_at" TIMESTAMP NOT NULL DEFAULT now(), CONSTRAINT "PK_f3d9fd4a0af865152c3f59db8ff" PRIMARY KEY ("id"))
query: CREATE TABLE "checklist_item_states" ("id" uuid NOT NULL DEFAULT uuid_generate_v4(), "item_id" uuid NOT NULL, "user_id" uuid NOT NULL, "is_checked" boolean NOT NULL DEFAULT false, CONSTRAINT "UQ_a2c44c6ff699b9dcf51c402a082" UNIQUE ("item_id", "user_id"), CONSTRAINT "PK_6dbebd598ade31c60482d17d426" PRIMARY KEY ("id"))
query: CREATE TABLE "checklist_items" ("id" uuid NOT NULL DEFAULT uuid_generate_v4(), "trip_id" uuid NOT NULL, "text" character varying NOT NULL, "creator_id" uuid, "created_at" TIMESTAMP NOT NULL DEFAULT now(), CONSTRAINT "PK_bae00945a1d4789bd648e583e29" PRIMARY KEY ("id"))
query: ALTER TABLE "participants" ADD CONSTRAINT "FK_1427a77e06023c250ed3794a1ba" FOREIGN KEY ("user_id") REFERENCES "users"("id") ON DELETE CASCADE ON UPDATE NO ACTION
query: ALTER TABLE "participants" ADD CONSTRAINT "FK_0cc37ab5047fa5c352ce9e095a1" FOREIGN KEY ("trip_id") REFERENCES "trips"("id") ON DELETE CASCADE ON UPDATE NO ACTION
query: ALTER TABLE "activities" ADD CONSTRAINT "FK_d979b0f143231b672251cfeeef0" FOREIGN KEY ("dayId") REFERENCES "days"("id") ON DELETE CASCADE ON UPDATE NO ACTION
query: ALTER TABLE "activities" ADD CONSTRAINT "FK_c4f65b254c9e315c16566bd710b" FOREIGN KEY ("creatorId") REFERENCES "users"("id") ON DELETE SET NULL ON UPDATE NO ACTION
query: ALTER TABLE "days" ADD CONSTRAINT "FK_b33d7fc35d1faff2b543a1ee509" FOREIGN KEY ("tripId") REFERENCES "trips"("id") ON DELETE CASCADE ON UPDATE NO ACTION
query: ALTER TABLE "expense_debtors" ADD CONSTRAINT "FK_87e7e9dcded093bb45d94488f5a" FOREIGN KEY ("expense_id") REFERENCES "expenses"("id") ON DELETE CASCADE ON UPDATE NO ACTION
query: ALTER TABLE "expense_debtors" ADD CONSTRAINT "FK_115b9ebd66ddd28b8288372b98a" FOREIGN KEY ("debtor_id") REFERENCES "users"("id") ON DELETE CASCADE ON UPDATE NO ACTION
query: ALTER TABLE "expenses" ADD CONSTRAINT "FK_bf6ee0000d1ba3f09285986e14e" FOREIGN KEY ("trip_id") REFERENCES "trips"("id") ON DELETE CASCADE ON UPDATE NO ACTION
query: ALTER TABLE "expenses" ADD CONSTRAINT "FK_846b0e68882344c4de16ebc80ba" FOREIGN KEY ("payer_id") REFERENCES "users"("id") ON DELETE CASCADE ON UPDATE NO ACTION
query: ALTER TABLE "vote_casts" ADD CONSTRAINT "FK_208689fa93f3610f8361de021db" FOREIGN KEY ("option_id") REFERENCES "vote_options"("id") ON DELETE CASCADE ON UPDATE NO ACTION
query: ALTER TABLE "vote_casts" ADD CONSTRAINT "FK_d89952fcfab63e5e0c90934d8ac" FOREIGN KEY ("voter_id") REFERENCES "users"("id") ON DELETE CASCADE ON UPDATE NO ACTION
query: ALTER TABLE "vote_options" ADD CONSTRAINT "FK_3f40f400f3aa2581603739ecbe9" FOREIGN KEY ("vote_id") REFERENCES "votes"("id") ON DELETE CASCADE ON UPDATE NO ACTION
query: ALTER TABLE "votes" ADD CONSTRAINT "FK_03048bd177f86899ef7319f9357" FOREIGN KEY ("trip_id") REFERENCES "trips"("id") ON DELETE CASCADE ON UPDATE NO ACTION
query: ALTER TABLE "votes" ADD CONSTRAINT "FK_4dc183ab927cc8924dfb4f188d9" FOREIGN KEY ("creator_id") REFERENCES "users"("id") ON DELETE SET NULL ON UPDATE NO ACTION
query: ALTER TABLE "checklist_item_states" ADD CONSTRAINT "FK_75b61f604727312972951561892" FOREIGN KEY ("item_id") REFERENCES "checklist_items"("id") ON DELETE CASCADE ON UPDATE NO ACTION
query: ALTER TABLE "checklist_item_states" ADD CONSTRAINT "FK_3be022d5b81590c88b9b2c09126" FOREIGN KEY ("user_id") REFERENCES "users"("id") ON DELETE CASCADE ON UPDATE NO ACTION
query: ALTER TABLE "checklist_items" ADD CONSTRAINT "FK_2ed8c1f93a0d491b1aeaf4b4f98" FOREIGN KEY ("trip_id") REFERENCES "trips"("id") ON DELETE CASCADE ON UPDATE NO ACTION
query: ALTER TABLE "checklist_items" ADD CONSTRAINT "FK_9ec0cc33be3a32a157bf9398312" FOREIGN KEY ("creator_id") REFERENCES "users"("id") ON DELETE SET NULL ON UPDATE NO ACTION
query: COMMIT
[32m[Nest] 35  - [39m12/18/2025, 9:03:32 PM [32m    LOG[39m [38;5;3m[InstanceLoader] [39m[32mHealthModule dependencies initialized[39m[38;5;3m +98ms[39m
[32m[Nest] 35  - [39m12/18/2025, 9:03:32 PM [32m    LOG[39m [38;5;3m[InstanceLoader] [39m[32mTypeOrmCoreModule dependencies initialized[39m[38;5;3m +0ms[39m
[32m[Nest] 35  - [39m12/18/2025, 9:03:32 PM [32m    LOG[39m [38;5;3m[InstanceLoader] [39m[32mTypeOrmModule dependencies initialized[39m[38;5;3m +0ms[39m
[32m[Nest] 35  - [39m12/18/2025, 9:03:32 PM [32m    LOG[39m [38;5;3m[InstanceLoader] [39m[32mTypeOrmModule dependencies initialized[39m[38;5;3m +0ms[39m
[32m[Nest] 35  - [39m12/18/2025, 9:03:32 PM [32m    LOG[39m [38;5;3m[InstanceLoader] [39m[32mTypeOrmModule dependencies initialized[39m[38;5;3m +0ms[39m
[32m[Nest] 35  - [39m12/18/2025, 9:03:32 PM [32m    LOG[39m [38;5;3m[InstanceLoader] [39m[32mTypeOrmModule dependencies initialized[39m[38;5;3m +0ms[39m
[32m[Nest] 35  - [39m12/18/2025, 9:03:32 PM [32m    LOG[39m [38;5;3m[InstanceLoader] [39m[32mTypeOrmModule dependencies initialized[39m[38;5;3m +0ms[39m
[32m[Nest] 35  - [39m12/18/2025, 9:03:32 PM [32m    LOG[39m [38;5;3m[InstanceLoader] [39m[32mUsersModule dependencies initialized[39m[38;5;3m +3ms[39m
[32m[Nest] 35  - [39m12/18/2025, 9:03:32 PM [32m    LOG[39m [38;5;3m[InstanceLoader] [39m[32mTripsModule dependencies initialized[39m[38;5;3m +0ms[39m
[32m[Nest] 35  - [39m12/18/2025, 9:03:32 PM [32m    LOG[39m [38;5;3m[InstanceLoader] [39m[32mPlanningModule dependencies initialized[39m[38;5;3m +0ms[39m
[32m[Nest] 35  - [39m12/18/2025, 9:03:32 PM [32m    LOG[39m [38;5;3m[InstanceLoader] [39m[32mFinanceModule dependencies initialized[39m[38;5;3m +0ms[39m
[32m[Nest] 35  - [39m12/18/2025, 9:03:32 PM [32m    LOG[39m [38;5;3m[InstanceLoader] [39m[32mEngagementModule dependencies initialized[39m[38;5;3m +0ms[39m
[32m[Nest] 35  - [39m12/18/2025, 9:03:32 PM [32m    LOG[39m [38;5;3m[InstanceLoader] [39m[32mAdminModule dependencies initialized[39m[38;5;3m +0ms[39m
[32m[Nest] 35  - [39m12/18/2025, 9:03:32 PM [32m    LOG[39m [38;5;3m[InstanceLoader] [39m[32mAuthModule dependencies initialized[39m[38;5;3m +0ms[39m
[32m[Nest] 35  - [39m12/18/2025, 9:03:32 PM [32m    LOG[39m [32mSwagger docs available at /api/docs[39m
[32m[Nest] 35  - [39m12/18/2025, 9:03:32 PM [32m    LOG[39m [38;5;3m[RoutesResolver] [39m[32mAppController {/api/v1}:[39m[38;5;3m +1ms[39m
[32m[Nest] 35  - [39m12/18/2025, 9:03:32 PM [32m    LOG[39m [38;5;3m[RoutesResolver] [39m[32mAuthController {/api/v1/auth}:[39m[38;5;3m +0ms[39m
[32m[Nest] 35  - [39m12/18/2025, 9:03:32 PM [32m    LOG[39m [38;5;3m[RouterExplorer] [39m[32mMapped {/api/v1/auth/register, POST} route[39m[38;5;3m +2ms[39m
[32m[Nest] 35  - [39m12/18/2025, 9:03:32 PM [32m    LOG[39m [38;5;3m[RouterExplorer] [39m[32mMapped {/api/v1/auth/login, POST} route[39m[38;5;3m +0ms[39m
[32m[Nest] 35  - [39m12/18/2025, 9:03:32 PM [32m    LOG[39m [38;5;3m[RouterExplorer] [39m[32mMapped {/api/v1/auth/logout, POST} route[39m[38;5;3m +0ms[39m
[32m[Nest] 35  - [39m12/18/2025, 9:03:32 PM [32m    LOG[39m [38;5;3m[RouterExplorer] [39m[32mMapped {/api/v1/auth/refresh, POST} route[39m[38;5;3m +1ms[39m
[32m[Nest] 35  - [39m12/18/2025, 9:03:32 PM [32m    LOG[39m [38;5;3m[RoutesResolver] [39m[32mUsersController {/api/v1/users}:[39m[38;5;3m +0ms[39m
[32m[Nest] 35  - [39m12/18/2025, 9:03:32 PM [32m    LOG[39m [38;5;3m[RouterExplorer] [39m[32mMapped {/api/v1/users/me, GET} route[39m[38;5;3m +0ms[39m
[32m[Nest] 35  - [39m12/18/2025, 9:03:32 PM [32m    LOG[39m [38;5;3m[RouterExplorer] [39m[32mMapped {/api/v1/users/me, PATCH} route[39m[38;5;3m +0ms[39m
[32m[Nest] 35  - [39m12/18/2025, 9:03:32 PM [32m    LOG[39m [38;5;3m[RouterExplorer] [39m[32mMapped {/api/v1/users/me/password, PATCH} route[39m[38;5;3m +0ms[39m
[32m[Nest] 35  - [39m12/18/2025, 9:03:32 PM [32m    LOG[39m [38;5;3m[RoutesResolver] [39m[32mAdminController {/api/v1/admin}:[39m[38;5;3m +0ms[39m
[32m[Nest] 35  - [39m12/18/2025, 9:03:32 PM [32m    LOG[39m [38;5;3m[RouterExplorer] [39m[32mMapped {/api/v1/admin/users, GET} route[39m[38;5;3m +0ms[39m
[32m[Nest] 35  - [39m12/18/2025, 9:03:32 PM [32m    LOG[39m [38;5;3m[RouterExplorer] [39m[32mMapped {/api/v1/admin/trips, GET} route[39m[38;5;3m +1ms[39m
[32m[Nest] 35  - [39m12/18/2025, 9:03:32 PM [32m    LOG[39m [38;5;3m[RouterExplorer] [39m[32mMapped {/api/v1/admin/users/:id, GET} route[39m[38;5;3m +0ms[39m
[32m[Nest] 35  - [39m12/18/2025, 9:03:32 PM [32m    LOG[39m [38;5;3m[RouterExplorer] [39m[32mMapped {/api/v1/admin/users/:id/ban, PATCH} route[39m[38;5;3m +1ms[39m
[32m[Nest] 35  - [39m12/18/2025, 9:03:32 PM [32m    LOG[39m [38;5;3m[RouterExplorer] [39m[32mMapped {/api/v1/admin/users/:id/unban, PATCH} route[39m[38;5;3m +0ms[39m
[32m[Nest] 35  - [39m12/18/2025, 9:03:32 PM [32m    LOG[39m [38;5;3m[RouterExplorer] [39m[32mMapped {/api/v1/admin/users/:id/reset-password, POST} route[39m[38;5;3m +0ms[39m
[32m[Nest] 35  - [39m12/18/2025, 9:03:32 PM [32m    LOG[39m [38;5;3m[RoutesResolver] [39m[32mTripsController {/api/v1/trips}:[39m[38;5;3m +0ms[39m
[32m[Nest] 35  - [39m12/18/2025, 9:03:32 PM [32m    LOG[39m [38;5;3m[RouterExplorer] [39m[32mMapped {/api/v1/trips, POST} route[39m[38;5;3m +0ms[39m
[32m[Nest] 35  - [39m12/18/2025, 9:03:32 PM [32m    LOG[39m [38;5;3m[RouterExplorer] [39m[32mMapped {/api/v1/trips, GET} route[39m[38;5;3m +0ms[39m
[32m[Nest] 35  - [39m12/18/2025, 9:03:32 PM [32m    LOG[39m [38;5;3m[RouterExplorer] [39m[32mMapped {/api/v1/trips/join, POST} route[39m[38;5;3m +0ms[39m
[32m[Nest] 35  - [39m12/18/2025, 9:03:32 PM [32m    LOG[39m [38;5;3m[RouterExplorer] [39m[32mMapped {/api/v1/trips/:id, GET} route[39m[38;5;3m +0ms[39m
[32m[Nest] 35  - [39m12/18/2025, 9:03:32 PM [32m    LOG[39m [38;5;3m[RouterExplorer] [39m[32mMapped {/api/v1/trips/:id, PATCH} route[39m[38;5;3m +0ms[39m
[32m[Nest] 35  - [39m12/18/2025, 9:03:32 PM [32m    LOG[39m [38;5;3m[RouterExplorer] [39m[32mMapped {/api/v1/trips/:id, DELETE} route[39m[38;5;3m +1ms[39m
[32m[Nest] 35  - [39m12/18/2025, 9:03:32 PM [32m    LOG[39m [38;5;3m[RouterExplorer] [39m[32mMapped {/api/v1/trips/:id/invite-code, POST} route[39m[38;5;3m +0ms[39m
[32m[Nest] 35  - [39m12/18/2025, 9:03:32 PM [32m    LOG[39m [38;5;3m[RouterExplorer] [39m[32mMapped {/api/v1/trips/:id/participants, GET} route[39m[38;5;3m +0ms[39m
[32m[Nest] 35  - [39m12/18/2025, 9:03:32 PM [32m    LOG[39m [38;5;3m[RouterExplorer] [39m[32mMapped {/api/v1/trips/:id/participants/:userId, DELETE} route[39m[38;5;3m +0ms[39m
[32m[Nest] 35  - [39m12/18/2025, 9:03:32 PM [32m    LOG[39m [38;5;3m[RouterExplorer] [39m[32mMapped {/api/v1/trips/:id/archive, PATCH} route[39m[38;5;3m +0ms[39m
[32m[Nest] 35  - [39m12/18/2025, 9:03:32 PM [32m    LOG[39m [38;5;3m[RouterExplorer] [39m[32mMapped {/api/v1/trips/:id/unarchive, PATCH} route[39m[38;5;3m +0ms[39m
[32m[Nest] 35  - [39m12/18/2025, 9:03:32 PM [32m    LOG[39m [38;5;3m[RouterExplorer] [39m[32mMapped {/api/v1/trips/:id/participants/:userId/role, PATCH} route[39m[38;5;3m +0ms[39m
[32m[Nest] 35  - [39m12/18/2025, 9:03:32 PM [32m    LOG[39m [38;5;3m[RoutesResolver] [39m[32mPlanningController {/api/v1}:[39m[38;5;3m +0ms[39m
[32m[Nest] 35  - [39m12/18/2025, 9:03:32 PM [32m    LOG[39m [38;5;3m[RouterExplorer] [39m[32mMapped {/api/v1/trips/:id/plan, GET} route[39m[38;5;3m +1ms[39m
[32m[Nest] 35  - [39m12/18/2025, 9:03:32 PM [32m    LOG[39m [38;5;3m[RouterExplorer] [39m[32mMapped {/api/v1/trips/:id/days, POST} route[39m[38;5;3m +0ms[39m
[32m[Nest] 35  - [39m12/18/2025, 9:03:32 PM [32m    LOG[39m [38;5;3m[RouterExplorer] [39m[32mMapped {/api/v1/days/:dayId, DELETE} route[39m[38;5;3m +0ms[39m
[32m[Nest] 35  - [39m12/18/2025, 9:03:32 PM [32m    LOG[39m [38;5;3m[RouterExplorer] [39m[32mMapped {/api/v1/days/:dayId/activities, POST} route[39m[38;5;3m +0ms[39m
[32m[Nest] 35  - [39m12/18/2025, 9:03:32 PM [32m    LOG[39m [38;5;3m[RouterExplorer] [39m[32mMapped {/api/v1/activities/:id, PATCH} route[39m[38;5;3m +0ms[39m
[32m[Nest] 35  - [39m12/18/2025, 9:03:32 PM [32m    LOG[39m [38;5;3m[RouterExplorer] [39m[32mMapped {/api/v1/activities/:id, DELETE} route[39m[38;5;3m +0ms[39m
[32m[Nest] 35  - [39m12/18/2025, 9:03:32 PM [32m    LOG[39m [38;5;3m[RoutesResolver] [39m[32mFinanceController {/api/v1}:[39m[38;5;3m +0ms[39m
[32m[Nest] 35  - [39m12/18/2025, 9:03:32 PM [32m    LOG[39m [38;5;3m[RouterExplorer] [39m[32mMapped {/api/v1/trips/:id/expenses, POST} route[39m[38;5;3m +0ms[39m
[32m[Nest] 35  - [39m12/18/2025, 9:03:32 PM [32m    LOG[39m [38;5;3m[RouterExplorer] [39m[32mMapped {/api/v1/trips/:id/expenses, GET} route[39m[38;5;3m +1ms[39m
[32m[Nest] 35  - [39m12/18/2025, 9:03:32 PM [32m    LOG[39m [38;5;3m[RouterExplorer] [39m[32mMapped {/api/v1/trips/:id/balance, GET} route[39m[38;5;3m +0ms[39m
[32m[Nest] 35  - [39m12/18/2025, 9:03:32 PM [32m    LOG[39m [38;5;3m[RouterExplorer] [39m[32mMapped {/api/v1/trips/:id/my-balance, GET} route[39m[38;5;3m +0ms[39m
[32m[Nest] 35  - [39m12/18/2025, 9:03:32 PM [32m    LOG[39m [38;5;3m[RouterExplorer] [39m[32mMapped {/api/v1/expenses/:id, PATCH} route[39m[38;5;3m +0ms[39m
[32m[Nest] 35  - [39m12/18/2025, 9:03:32 PM [32m    LOG[39m [38;5;3m[RouterExplorer] [39m[32mMapped {/api/v1/expenses/:id, DELETE} route[39m[38;5;3m +0ms[39m
[32m[Nest] 35  - [39m12/18/2025, 9:03:32 PM [32m    LOG[39m [38;5;3m[RoutesResolver] [39m[32mEngagementController {/api/v1}:[39m[38;5;3m +0ms[39m
[32m[Nest] 35  - [39m12/18/2025, 9:03:32 PM [32m    LOG[39m [38;5;3m[RouterExplorer] [39m[32mMapped {/api/v1/trips/:id/votes, POST} route[39m[38;5;3m +0ms[39m
[32m[Nest] 35  - [39m12/18/2025, 9:03:32 PM [32m    LOG[39m [38;5;3m[RouterExplorer] [39m[32mMapped {/api/v1/trips/:id/votes, GET} route[39m[38;5;3m +0ms[39m
[32m[Nest] 35  - [39m12/18/2025, 9:03:32 PM [32m    LOG[39m [38;5;3m[RouterExplorer] [39m[32mMapped {/api/v1/votes/:voteId/cast, POST} route[39m[38;5;3m +0ms[39m
[32m[Nest] 35  - [39m12/18/2025, 9:03:32 PM [32m    LOG[39m [38;5;3m[RouterExplorer] [39m[32mMapped {/api/v1/votes/:voteId/cast, DELETE} route[39m[38;5;3m +0ms[39m
[32m[Nest] 35  - [39m12/18/2025, 9:03:32 PM [32m    LOG[39m [38;5;3m[RouterExplorer] [39m[32mMapped {/api/v1/votes/:id, PATCH} route[39m[38;5;3m +1ms[39m
[32m[Nest] 35  - [39m12/18/2025, 9:03:32 PM [32m    LOG[39m [38;5;3m[RouterExplorer] [39m[32mMapped {/api/v1/votes/:id, DELETE} route[39m[38;5;3m +0ms[39m
[32m[Nest] 35  - [39m12/18/2025, 9:03:32 PM [32m    LOG[39m [38;5;3m[RouterExplorer] [39m[32mMapped {/api/v1/votes/:voteId/options, POST} route[39m[38;5;3m +0ms[39m
[32m[Nest] 35  - [39m12/18/2025, 9:03:32 PM [32m    LOG[39m [38;5;3m[RouterExplorer] [39m[32mMapped {/api/v1/trips/:id/checklist, GET} route[39m[38;5;3m +0ms[39m
[32m[Nest] 35  - [39m12/18/2025, 9:03:32 PM [32m    LOG[39m [38;5;3m[RouterExplorer] [39m[32mMapped {/api/v1/trips/:id/checklist, POST} route[39m[38;5;3m +0ms[39m
[32m[Nest] 35  - [39m12/18/2025, 9:03:32 PM [32m    LOG[39m [38;5;3m[RouterExplorer] [39m[32mMapped {/api/v1/checklist/:itemId/status, PATCH} route[39m[38;5;3m +0ms[39m
[32m[Nest] 35  - [39m12/18/2025, 9:03:32 PM [32m    LOG[39m [38;5;3m[RouterExplorer] [39m[32mMapped {/api/v1/checklist/:itemId, DELETE} route[39m[38;5;3m +0ms[39m
[32m[Nest] 35  - [39m12/18/2025, 9:03:32 PM [32m    LOG[39m [38;5;3m[RoutesResolver] [39m[32mHealthController {/api/v1/health}:[39m[38;5;3m +0ms[39m
[32m[Nest] 35  - [39m12/18/2025, 9:03:32 PM [32m    LOG[39m [38;5;3m[RouterExplorer] [39m[32mMapped {/api/v1/health, GET} route[39m[38;5;3m +1ms[39m
[32m[Nest] 35  - [39m12/18/2025, 9:03:32 PM [32m    LOG[39m [38;5;3m[NestApplication] [39m[32mNest application successfully started[39m[38;5;3m +8ms[39m
[32m[Nest] 35  - [39m12/18/2025, 9:03:32 PM [32m    LOG[39m [32mServer up on :4000 [development][39m
query: SELECT 1
query: SELECT 1
query: SELECT 1
query: SELECT 1
query: SELECT 1
query: SELECT 1
query: SELECT 1
query: SELECT 1
query: SELECT 1
query: SELECT COUNT(1) AS "cnt" FROM "users" "User" WHERE (("User"."email" = $1)) -- PARAMETERS: ["testuser@example.com"]
query: START TRANSACTION
query: INSERT INTO "users"("id", "email", "password", "nickname", "role", "isActive", "passwordResetToken", "passwordResetExpires", "createdAt", "updatedAt") VALUES (DEFAULT, $1, $2, $3, DEFAULT, DEFAULT, DEFAULT, DEFAULT, DEFAULT, DEFAULT) RETURNING "id", "role", "isActive", "createdAt", "updatedAt" -- PARAMETERS: ["testuser@example.com","$2b$10$U1HHG63i/19017uX/Mu1fOztReeLi/gbB2GDIRU7BdkmXYVgQJ48a","Tester"]
query: COMMIT
[32m[Nest] 35  - [39m12/18/2025, 9:06:52 PM [32m    LOG[39m [38;5;3m[MailerService] [39m[32mWelcome email sent to testuser@example.com[39m
[32m[Nest] 35  - [39m12/18/2025, 9:06:52 PM [32m    LOG[39m [38;5;3m[AuthService] [39m[32mUser registered: testuser@example.com[39m
query: SELECT "User"."id" AS "User_id", "User"."email" AS "User_email", "User"."password" AS "User_password", "User"."nickname" AS "User_nickname", "User"."role" AS "User_role", "User"."isActive" AS "User_isActive", "User"."passwordResetToken" AS "User_passwordResetToken", "User"."passwordResetExpires" AS "User_passwordResetExpires", "User"."createdAt" AS "User_createdAt", "User"."updatedAt" AS "User_updatedAt" FROM "users" "User" WHERE (("User"."email" = $1)) LIMIT 1 -- PARAMETERS: ["testuser@example.com"]
[32m[Nest] 35  - [39m12/18/2025, 9:07:02 PM [32m    LOG[39m [38;5;3m[AuthService] [39m[32mUser logged in: testuser@example.com[39m
query: SELECT 1
query: SELECT "User"."id" AS "User_id", "User"."email" AS "User_email", "User"."password" AS "User_password", "User"."nickname" AS "User_nickname", "User"."role" AS "User_role", "User"."isActive" AS "User_isActive", "User"."passwordResetToken" AS "User_passwordResetToken", "User"."passwordResetExpires" AS "User_passwordResetExpires", "User"."createdAt" AS "User_createdAt", "User"."updatedAt" AS "User_updatedAt" FROM "users" "User" WHERE (("User"."id" = $1)) LIMIT 1 -- PARAMETERS: ["e8166ccf-f15b-43e2-a765-60252329a292"]
query: START TRANSACTION
query: INSERT INTO "trips"("id", "name", "description", "location", "startDate", "endDate", "baseCurrency", "inviteCode", "inviteCodeExpiry", "status", "isDeleted", "createdAt", "updatedAt") VALUES (DEFAULT, $1, $2, $3, $4, $5, $6, DEFAULT, DEFAULT, DEFAULT, DEFAULT, DEFAULT, DEFAULT) RETURNING "id", "baseCurrency", "status", "isDeleted", "createdAt", "updatedAt" -- PARAMETERS: ["Test Trip","Verification Trip","Paris","2025-06-01","2025-06-10","EUR"]
query: INSERT INTO "participants"("id", "role", "user_id", "trip_id", "joinedAt") VALUES (DEFAULT, $1, $2, $3, DEFAULT) RETURNING "id", "role", "joinedAt" -- PARAMETERS: ["organizer","e8166ccf-f15b-43e2-a765-60252329a292","5a690168-642d-4bac-99d2-2af8c82d5ba0"]
query: COMMIT
[32m[Nest] 35  - [39m12/18/2025, 9:07:10 PM [32m    LOG[39m [38;5;3m[TripsService] [39m[32mTrip created: 5a690168-642d-4bac-99d2-2af8c82d5ba0 by user e8166ccf-f15b-43e2-a765-60252329a292[39m
query: SELECT DISTINCT "distinctAlias"."Trip_id" AS "ids_Trip_id" FROM (SELECT "Trip"."id" AS "Trip_id", "Trip"."name" AS "Trip_name", "Trip"."description" AS "Trip_description", "Trip"."location" AS "Trip_location", "Trip"."startDate" AS "Trip_startDate", "Trip"."endDate" AS "Trip_endDate", "Trip"."baseCurrency" AS "Trip_baseCurrency", "Trip"."inviteCode" AS "Trip_inviteCode", "Trip"."inviteCodeExpiry" AS "Trip_inviteCodeExpiry", "Trip"."status" AS "Trip_status", "Trip"."isDeleted" AS "Trip_isDeleted", "Trip"."createdAt" AS "Trip_createdAt", "Trip"."updatedAt" AS "Trip_updatedAt", "Trip__Trip_participants"."id" AS "Trip__Trip_participants_id", "Trip__Trip_participants"."role" AS "Trip__Trip_participants_role", "Trip__Trip_participants"."user_id" AS "Trip__Trip_participants_user_id", "Trip__Trip_participants"."trip_id" AS "Trip__Trip_participants_trip_id", "Trip__Trip_participants"."joinedAt" AS "Trip__Trip_participants_joinedAt", "Trip__Trip_participants__Trip__Trip_participants_user"."id" AS "Trip__Trip_participants__Trip__Trip_participants_user_id", "Trip__Trip_participants__Trip__Trip_participants_user"."email" AS "Trip__Trip_participants__Trip__Trip_participants_user_email", "Trip__Trip_participants__Trip__Trip_participants_user"."password" AS "Trip__Trip_participants__Trip__Trip_participants_user_password", "Trip__Trip_participants__Trip__Trip_participants_user"."nickname" AS "Trip__Trip_participants__Trip__Trip_participants_user_nickname", "Trip__Trip_participants__Trip__Trip_participants_user"."role" AS "Trip__Trip_participants__Trip__Trip_participants_user_role", "Trip__Trip_participants__Trip__Trip_participants_user"."isActive" AS "Trip__Trip_participants__Trip__Trip_participants_user_isActive", "Trip__Trip_participants__Trip__Trip_participants_user"."passwordResetToken" AS "c70f1f20769bc70dd46b82fd874852d49614773c", "Trip__Trip_participants__Trip__Trip_participants_user"."passwordResetExpires" AS "91a9608bc6f02323093b2a0334043b8763033547", "Trip__Trip_participants__Trip__Trip_participants_user"."createdAt" AS "Trip__Trip_participants__Trip__Trip_participants_user_createdAt", "Trip__Trip_participants__Trip__Trip_participants_user"."updatedAt" AS "Trip__Trip_participants__Trip__Trip_participants_user_updatedAt" FROM "trips" "Trip" LEFT JOIN "participants" "Trip__Trip_participants" ON "Trip__Trip_participants"."trip_id"="Trip"."id"  LEFT JOIN "users" "Trip__Trip_participants__Trip__Trip_participants_user" ON "Trip__Trip_participants__Trip__Trip_participants_user"."id"="Trip__Trip_participants"."user_id" WHERE (("Trip"."id" = $1) AND ("Trip"."isDeleted" = $2))) "distinctAlias" ORDER BY "Trip_id" ASC LIMIT 1 -- PARAMETERS: ["5a690168-642d-4bac-99d2-2af8c82d5ba0",false]
query: SELECT "Trip"."id" AS "Trip_id", "Trip"."name" AS "Trip_name", "Trip"."description" AS "Trip_description", "Trip"."location" AS "Trip_location", "Trip"."startDate" AS "Trip_startDate", "Trip"."endDate" AS "Trip_endDate", "Trip"."baseCurrency" AS "Trip_baseCurrency", "Trip"."inviteCode" AS "Trip_inviteCode", "Trip"."inviteCodeExpiry" AS "Trip_inviteCodeExpiry", "Trip"."status" AS "Trip_status", "Trip"."isDeleted" AS "Trip_isDeleted", "Trip"."createdAt" AS "Trip_createdAt", "Trip"."updatedAt" AS "Trip_updatedAt", "Trip__Trip_participants"."id" AS "Trip__Trip_participants_id", "Trip__Trip_participants"."role" AS "Trip__Trip_participants_role", "Trip__Trip_participants"."user_id" AS "Trip__Trip_participants_user_id", "Trip__Trip_participants"."trip_id" AS "Trip__Trip_participants_trip_id", "Trip__Trip_participants"."joinedAt" AS "Trip__Trip_participants_joinedAt", "Trip__Trip_participants__Trip__Trip_participants_user"."id" AS "Trip__Trip_participants__Trip__Trip_participants_user_id", "Trip__Trip_participants__Trip__Trip_participants_user"."email" AS "Trip__Trip_participants__Trip__Trip_participants_user_email", "Trip__Trip_participants__Trip__Trip_participants_user"."password" AS "Trip__Trip_participants__Trip__Trip_participants_user_password", "Trip__Trip_participants__Trip__Trip_participants_user"."nickname" AS "Trip__Trip_participants__Trip__Trip_participants_user_nickname", "Trip__Trip_participants__Trip__Trip_participants_user"."role" AS "Trip__Trip_participants__Trip__Trip_participants_user_role", "Trip__Trip_participants__Trip__Trip_participants_user"."isActive" AS "Trip__Trip_participants__Trip__Trip_participants_user_isActive", "Trip__Trip_participants__Trip__Trip_participants_user"."passwordResetToken" AS "c70f1f20769bc70dd46b82fd874852d49614773c", "Trip__Trip_participants__Trip__Trip_participants_user"."passwordResetExpires" AS "91a9608bc6f02323093b2a0334043b8763033547", "Trip__Trip_participants__Trip__Trip_participants_user"."createdAt" AS "Trip__Trip_participants__Trip__Trip_participants_user_createdAt", "Trip__Trip_participants__Trip__Trip_participants_user"."updatedAt" AS "Trip__Trip_participants__Trip__Trip_participants_user_updatedAt" FROM "trips" "Trip" LEFT JOIN "participants" "Trip__Trip_participants" ON "Trip__Trip_participants"."trip_id"="Trip"."id"  LEFT JOIN "users" "Trip__Trip_participants__Trip__Trip_participants_user" ON "Trip__Trip_participants__Trip__Trip_participants_user"."id"="Trip__Trip_participants"."user_id" WHERE ( (("Trip"."id" = $1) AND ("Trip"."isDeleted" = $2)) ) AND ( "Trip"."id" IN ($3) ) -- PARAMETERS: ["5a690168-642d-4bac-99d2-2af8c82d5ba0",false,"5a690168-642d-4bac-99d2-2af8c82d5ba0"]
query: SELECT "User"."id" AS "User_id", "User"."email" AS "User_email", "User"."password" AS "User_password", "User"."nickname" AS "User_nickname", "User"."role" AS "User_role", "User"."isActive" AS "User_isActive", "User"."passwordResetToken" AS "User_passwordResetToken", "User"."passwordResetExpires" AS "User_passwordResetExpires", "User"."createdAt" AS "User_createdAt", "User"."updatedAt" AS "User_updatedAt" FROM "users" "User" WHERE (("User"."id" = $1)) LIMIT 1 -- PARAMETERS: ["e8166ccf-f15b-43e2-a765-60252329a292"]
query: SELECT "Participant"."id" AS "Participant_id", "Participant"."role" AS "Participant_role", "Participant"."user_id" AS "Participant_user_id", "Participant"."trip_id" AS "Participant_trip_id", "Participant"."joinedAt" AS "Participant_joinedAt", "Participant__Participant_trip"."id" AS "Participant__Participant_trip_id", "Participant__Participant_trip"."name" AS "Participant__Participant_trip_name", "Participant__Participant_trip"."description" AS "Participant__Participant_trip_description", "Participant__Participant_trip"."location" AS "Participant__Participant_trip_location", "Participant__Participant_trip"."startDate" AS "Participant__Participant_trip_startDate", "Participant__Participant_trip"."endDate" AS "Participant__Participant_trip_endDate", "Participant__Participant_trip"."baseCurrency" AS "Participant__Participant_trip_baseCurrency", "Participant__Participant_trip"."inviteCode" AS "Participant__Participant_trip_inviteCode", "Participant__Participant_trip"."inviteCodeExpiry" AS "Participant__Participant_trip_inviteCodeExpiry", "Participant__Participant_trip"."status" AS "Participant__Participant_trip_status", "Participant__Participant_trip"."isDeleted" AS "Participant__Participant_trip_isDeleted", "Participant__Participant_trip"."createdAt" AS "Participant__Participant_trip_createdAt", "Participant__Participant_trip"."updatedAt" AS "Participant__Participant_trip_updatedAt", "aa3fccf5965e5f6843a9aa358a21806b54dcf8cc"."id" AS "aa3fccf5965e5f6843a9aa358a21806b54dcf8cc_id", "aa3fccf5965e5f6843a9aa358a21806b54dcf8cc"."role" AS "aa3fccf5965e5f6843a9aa358a21806b54dcf8cc_role", "aa3fccf5965e5f6843a9aa358a21806b54dcf8cc"."user_id" AS "aa3fccf5965e5f6843a9aa358a21806b54dcf8cc_user_id", "aa3fccf5965e5f6843a9aa358a21806b54dcf8cc"."trip_id" AS "aa3fccf5965e5f6843a9aa358a21806b54dcf8cc_trip_id", "aa3fccf5965e5f6843a9aa358a21806b54dcf8cc"."joinedAt" AS "aa3fccf5965e5f6843a9aa358a21806b54dcf8cc_joinedAt", "2933f60e50d0d4e15ef0a670a195dca1348d90b4"."id" AS "2933f60e50d0d4e15ef0a670a195dca1348d90b4_id", "2933f60e50d0d4e15ef0a670a195dca1348d90b4"."email" AS "2933f60e50d0d4e15ef0a670a195dca1348d90b4_email", "2933f60e50d0d4e15ef0a670a195dca1348d90b4"."password" AS "2933f60e50d0d4e15ef0a670a195dca1348d90b4_password", "2933f60e50d0d4e15ef0a670a195dca1348d90b4"."nickname" AS "2933f60e50d0d4e15ef0a670a195dca1348d90b4_nickname", "2933f60e50d0d4e15ef0a670a195dca1348d90b4"."role" AS "2933f60e50d0d4e15ef0a670a195dca1348d90b4_role", "2933f60e50d0d4e15ef0a670a195dca1348d90b4"."isActive" AS "2933f60e50d0d4e15ef0a670a195dca1348d90b4_isActive", "2933f60e50d0d4e15ef0a670a195dca1348d90b4"."passwordResetToken" AS "2933f60e50d0d4e15ef0a670a195dca1348d90b4_passwordResetToken", "2933f60e50d0d4e15ef0a670a195dca1348d90b4"."passwordResetExpires" AS "2933f60e50d0d4e15ef0a670a195dca1348d90b4_passwordResetExpires", "2933f60e50d0d4e15ef0a670a195dca1348d90b4"."createdAt" AS "2933f60e50d0d4e15ef0a670a195dca1348d90b4_createdAt", "2933f60e50d0d4e15ef0a670a195dca1348d90b4"."updatedAt" AS "2933f60e50d0d4e15ef0a670a195dca1348d90b4_updatedAt" FROM "participants" "Participant" LEFT JOIN "trips" "Participant__Participant_trip" ON "Participant__Participant_trip"."id"="Participant"."trip_id"  LEFT JOIN "participants" "aa3fccf5965e5f6843a9aa358a21806b54dcf8cc" ON "aa3fccf5965e5f6843a9aa358a21806b54dcf8cc"."trip_id"="Participant__Participant_trip"."id"  LEFT JOIN "users" "2933f60e50d0d4e15ef0a670a195dca1348d90b4" ON "2933f60e50d0d4e15ef0a670a195dca1348d90b4"."id"="aa3fccf5965e5f6843a9aa358a21806b54dcf8cc"."user_id" WHERE (("Participant"."user_id" = $1)) -- PARAMETERS: ["e8166ccf-f15b-43e2-a765-60252329a292"]
query: SELECT 1
